
!ENTRY org.eclipse.mylyn.tasks.core 2 0 2020-09-12 19:05:43.819
!MESSAGE Save failed for Task List
!STACK 1
org.eclipse.core.runtime.CoreException: Saving Task List failed
	at org.eclipse.mylyn.internal.tasks.core.externalization.TaskListExternalizer.writeTaskList(TaskListExternalizer.java:74)
	at org.eclipse.mylyn.internal.tasks.core.externalization.TaskListExternalizationParticipant$2.execute(TaskListExternalizationParticipant.java:129)
	at org.eclipse.mylyn.internal.tasks.core.TaskList.run(TaskList.java:729)
	at org.eclipse.mylyn.internal.tasks.core.TaskList.run(TaskList.java:720)
	at org.eclipse.mylyn.internal.tasks.core.externalization.TaskListExternalizationParticipant.save(TaskListExternalizationParticipant.java:133)
	at org.eclipse.mylyn.internal.tasks.core.externalization.AbstractExternalizationParticipant.execute(AbstractExternalizationParticipant.java:70)
	at org.eclipse.mylyn.internal.tasks.core.externalization.ExternalizationManager$ExternalizationJob.run(ExternalizationManager.java:222)
	at org.eclipse.core.internal.jobs.Worker.run(Worker.java:63)
Caused by: java.io.FileNotFoundException: C:\Users\Daniel\OneDrive\Desktop\Uni\ITP\Workspace\.metadata\.mylyn\tasks.xml.zip (The system cannot find the path specified)
	at java.base/java.io.FileOutputStream.open0(Native Method)
	at java.base/java.io.FileOutputStream.open(FileOutputStream.java:291)
	at java.base/java.io.FileOutputStream.<init>(FileOutputStream.java:234)
	at java.base/java.io.FileOutputStream.<init>(FileOutputStream.java:184)
	at org.eclipse.mylyn.internal.tasks.core.externalization.TaskListExternalizer.writeTaskList(TaskListExternalizer.java:59)
	... 7 more
!SUBENTRY 1 org.eclipse.mylyn.tasks.core 4 0 2020-09-12 19:05:43.826
!MESSAGE Saving Task List failed
!STACK 0
java.io.FileNotFoundException: C:\Users\Daniel\OneDrive\Desktop\Uni\ITP\Workspace\.metadata\.mylyn\tasks.xml.zip (The system cannot find the path specified)
	at java.base/java.io.FileOutputStream.open0(Native Method)
	at java.base/java.io.FileOutputStream.open(FileOutputStream.java:291)
	at java.base/java.io.FileOutputStream.<init>(FileOutputStream.java:234)
	at java.base/java.io.FileOutputStream.<init>(FileOutputStream.java:184)
	at org.eclipse.mylyn.internal.tasks.core.externalization.TaskListExternalizer.writeTaskList(TaskListExternalizer.java:59)
	at org.eclipse.mylyn.internal.tasks.core.externalization.TaskListExternalizationParticipant$2.execute(TaskListExternalizationParticipant.java:129)
	at org.eclipse.mylyn.internal.tasks.core.TaskList.run(TaskList.java:729)
	at org.eclipse.mylyn.internal.tasks.core.TaskList.run(TaskList.java:720)
	at org.eclipse.mylyn.internal.tasks.core.externalization.TaskListExternalizationParticipant.save(TaskListExternalizationParticipant.java:133)
	at org.eclipse.mylyn.internal.tasks.core.externalization.AbstractExternalizationParticipant.execute(AbstractExternalizationParticipant.java:70)
	at org.eclipse.mylyn.internal.tasks.core.externalization.ExternalizationManager$ExternalizationJob.run(ExternalizationManager.java:222)
	at org.eclipse.core.internal.jobs.Worker.run(Worker.java:63)
